<?xml version="1.0" encoding="UTF-8"?>
<testng-results ignored="0" total="1" passed="1" failed="0" skipped="0">
  <reporter-output>
  </reporter-output>
  <suite started-at="2024-01-25T12:10:17 IST" name="Suite" finished-at="2024-01-25T12:11:13 IST" duration-ms="56343">
    <groups>
    </groups>
    <test started-at="2024-01-25T12:10:17 IST" name="Test" finished-at="2024-01-25T12:11:13 IST" duration-ms="56343">
      <class name="android.HEMapp">
        <test-method is-config="true" signature="setup()[pri:0, instance:android.HEMapp@2c35e847]" started-at="2024-01-25T12:10:17 IST" name="setup" finished-at="2024-01-25T12:10:48 IST" duration-ms="31284" status="PASS">
          <reporter-output>
          </reporter-output>
        </test-method> <!-- setup -->
        <test-method signature="verifyLoginFeature()[pri:0, instance:android.HEMapp@2c35e847]" started-at="2024-01-25T12:10:48 IST" name="verifyLoginFeature" finished-at="2024-01-25T12:11:02 IST" duration-ms="13649" status="PASS">
          <reporter-output>
          </reporter-output>
        </test-method> <!-- verifyLoginFeature -->
        <test-method is-config="true" signature="teardown()[pri:0, instance:android.HEMapp@2c35e847]" started-at="2024-01-25T12:11:02 IST" name="teardown" finished-at="2024-01-25T12:11:13 IST" duration-ms="11381" status="PASS">
          <reporter-output>
          </reporter-output>
        </test-method> <!-- teardown -->
      </class> <!-- android.HEMapp -->
    </test> <!-- Test -->
  </suite> <!-- Suite -->
</testng-results>
